#
# There is insufficient memory for the Java Runtime Environment to continue.
# Native memory allocation (malloc) failed to allocate 1086816 bytes for Chunk::new
# Possible reasons:
#   The system is out of physical RAM or swap space
#   In 32 bit mode, the process size limit was hit
# Possible solutions:
#   Reduce memory load on the system
#   Increase physical memory or swap space
#   Check if swap backing store is full
#   Use 64 bit Java on a 64 bit OS
#   Decrease Java heap size (-Xmx/-Xms)
#   Decrease number of Java threads
#   Decrease Java thread stack sizes (-Xss)
#   Set larger code cache with -XX:ReservedCodeCacheSize=
# This output file may be truncated or incomplete.
#
#  Out of Memory Error (allocation.cpp:390), pid=2276, tid=0x0000000000000a2c
#
# JRE version: OpenJDK Runtime Environment (8.0_152-b01) (build 1.8.0_152-release-915-b01)
# Java VM: OpenJDK 64-Bit Server VM (25.152-b01 mixed mode windows-amd64 compressed oops)
# Failed to write core dump. Minidumps are not enabled by default on client versions of Windows
#

---------------  T H R E A D  ---------------

Current thread (0x00000000163bf000):  JavaThread "C2 CompilerThread1" daemon [_thread_in_native, id=2604, stack(0x0000000017af0000,0x0000000017bf0000)]

Stack: [0x0000000017af0000,0x0000000017bf0000]
[error occurred during error reporting (printing stack bounds), id 0xc0000005]

Native frames: (J=compiled Java code, j=interpreted, Vv=VM code, C=native code)


Current CompileTask:
C2:  13237 5142   !   4       java.net.URLClassLoader$1::run (63 bytes)


---------------  P R O C E S S  ---------------

Java Threads: ( => current thread )
  0x000000001bd73000 JavaThread "File lock request listener" [_thread_in_native, id=604, stack(0x000000001cca0000,0x000000001cda0000)]
  0x000000001906f000 JavaThread "Stdin handler" [_thread_blocked, id=4892, stack(0x000000001b9d0000,0x000000001bad0000)]
  0x000000001906d000 JavaThread "Asynchronous log dispatcher for DefaultDaemonConnection: socket connection from /127.0.0.1:52342 to /127.0.0.1:52343" [_thread_blocked, id=5220, stack(0x000000001b8d0000,0x000000001b9d0000)]
  0x000000001902f800 JavaThread "Daemon worker" [_thread_in_Java, id=5592, stack(0x000000001b7d0000,0x000000001b8d0000)]
  0x0000000018f41000 JavaThread "pool-1-thread-1" [_thread_blocked, id=2860, stack(0x000000001b6d0000,0x000000001b7d0000)]
  0x0000000019076000 JavaThread "Cancel handler" [_thread_blocked, id=5364, stack(0x000000001b5d0000,0x000000001b6d0000)]
  0x0000000019d3f000 JavaThread "Handler for socket connection from /127.0.0.1:52342 to /127.0.0.1:52343" [_thread_in_native, id=4320, stack(0x000000001b4d0000,0x000000001b5d0000)]
  0x00000000196ec800 JavaThread "Daemon" [_thread_blocked, id=5820, stack(0x000000001b3d0000,0x000000001b4d0000)]
  0x0000000018e1b000 JavaThread "Incoming local TCP Connector on port 52342" [_thread_in_native, id=4344, stack(0x000000001aa90000,0x000000001ab90000)]
  0x0000000017d18800 JavaThread "Service Thread" daemon [_thread_blocked, id=6676, stack(0x00000000180f0000,0x00000000181f0000)]
  0x00000000163ca800 JavaThread "C1 CompilerThread2" daemon [_thread_blocked, id=5028, stack(0x0000000017bf0000,0x0000000017cf0000)]
=>0x00000000163bf000 JavaThread "C2 CompilerThread1" daemon [_thread_in_native, id=2604, stack(0x0000000017af0000,0x0000000017bf0000)]
  0x00000000163ba800 JavaThread "C2 CompilerThread0" daemon [_thread_in_native, id=2776, stack(0x00000000179f0000,0x0000000017af0000)]
  0x00000000163c6800 JavaThread "Attach Listener" daemon [_thread_blocked, id=6312, stack(0x00000000178f0000,0x00000000179f0000)]
  0x00000000163c5800 JavaThread "Signal Dispatcher" daemon [_thread_blocked, id=4748, stack(0x00000000177f0000,0x00000000178f0000)]
  0x00000000163a7000 JavaThread "Finalizer" daemon [_thread_blocked, id=4240, stack(0x0000000017610000,0x0000000017710000)]
  0x0000000002a41000 JavaThread "Reference Handler" daemon [_thread_blocked, id=4276, stack(0x0000000017510000,0x0000000017610000)]
  0x0000000002950800 JavaThread "main" [_thread_blocked, id=2944, stack(0x0000000002850000,0x0000000002950000)]

Other Threads:
  0x0000000016385800 VMThread [stack: 0x0000000017410000,0x0000000017510000] [id=1268]
  0x000000001641e800 WatcherThread [stack: 0x00000000181f0000,0x00000000182f0000] [id=4660]

VM state:not at safepoint (normal execution)

VM Mutex/Monitor currently owned by a thread: None

Heap:
 PSYoungGen      total 92160K, used 54006K [0x00000000e0000000, 0x00000000e7b00000, 0x0000000100000000)
  eden space 81920K, 53% used [0x00000000e0000000,0x00000000e2abe9b0,0x00000000e5000000)
  from space 10240K, 99% used [0x00000000e5000000,0x00000000e59ff0a8,0x00000000e5a00000)
  to   space 11776K, 0% used [0x00000000e6f80000,0x00000000e6f80000,0x00000000e7b00000)
 ParOldGen       total 55808K, used 16642K [0x00000000a0000000, 0x00000000a3680000, 0x00000000e0000000)
  object space 55808K, 29% used [0x00000000a0000000,0x00000000a1040af8,0x00000000a3680000)
 Metaspace       used 46353K, capacity 47714K, committed 47872K, reserved 1091584K
  class space    used 6182K, capacity 6546K, committed 6656K, reserved 1048576K

Card table byte_map: [0x0000000011e10000,0x0000000012120000] byte_map_base: 0x0000000011910000

Marking Bits: (ParMarkBitMap*) 0x000000006efb3950
 Begin Bits: [0x0000000012720000, 0x0000000013f20000)
 End Bits:   [0x0000000013f20000, 0x0000000015720000)

Polling page: 0x0000000000c90000

CodeCache: size=245760Kb used=17120Kb max_used=17134Kb free=228639Kb
 bounds [0x0000000002a50000, 0x0000000003b20000, 0x0000000011a50000]
 total_blobs=5629 nmethods=4883 adapters=658
 compilation: enabled

Compilation events (10 events):
Event: 13.212 Thread 0x00000000163ca800 nmethod 5220 0x0000000003afebd0 code [0x0000000003afed60, 0x0000000003aff168]
Event: 13.212 Thread 0x00000000163ca800 5221       3       org.codehaus.groovy.reflection.CachedClass$1::initValue (53 bytes)
Event: 13.213 Thread 0x00000000163ca800 nmethod 5221 0x0000000003afdd10 code [0x0000000003afdee0, 0x0000000003afe808]
Event: 13.213 Thread 0x00000000163ca800 5222       3       java.lang.invoke.MethodHandle::setVarargs (38 bytes)
Event: 13.215 Thread 0x00000000163ca800 nmethod 5222 0x0000000003afccd0 code [0x0000000003afcec0, 0x0000000003afd968]
Event: 13.215 Thread 0x00000000163ca800 5223       3       java.lang.invoke.MemberName::isVarargs (23 bytes)
Event: 13.216 Thread 0x00000000163ca800 nmethod 5223 0x0000000003b02b10 code [0x0000000003b02ca0, 0x0000000003b03210]
Event: 13.216 Thread 0x00000000163ca800 5224       3       java.lang.invoke.MethodHandles$Lookup::getDirectMethodCommon (271 bytes)
Event: 13.218 Thread 0x00000000163ca800 nmethod 5224 0x0000000003b03390 code [0x0000000003b036a0, 0x0000000003b05118]
Event: 13.218 Thread 0x00000000163ca800 5227       3       jdk.internal.org.objectweb.asm.MethodWriter::put (1599 bytes)

GC Heap History (10 events):
Event: 9.031 GC heap before
{Heap before GC invocations=11 (full 1):
 PSYoungGen      total 68096K, used 68060K [0x00000000e0000000, 0x00000000e4f80000, 0x0000000100000000)
  eden space 60416K, 100% used [0x00000000e0000000,0x00000000e3b00000,0x00000000e3b00000)
  from space 7680K, 99% used [0x00000000e3b00000,0x00000000e4277008,0x00000000e4280000)
  to   space 8704K, 0% used [0x00000000e4700000,0x00000000e4700000,0x00000000e4f80000)
 ParOldGen       total 36864K, used 9402K [0x00000000a0000000, 0x00000000a2400000, 0x00000000e0000000)
  object space 36864K, 25% used [0x00000000a0000000,0x00000000a092ea58,0x00000000a2400000)
 Metaspace       used 31134K, capacity 31778K, committed 31872K, reserved 1077248K
  class space    used 4178K, capacity 4425K, committed 4480K, reserved 1048576K
Event: 9.044 GC heap after
Heap after GC invocations=11 (full 1):
 PSYoungGen      total 72192K, used 7474K [0x00000000e0000000, 0x00000000e5d80000, 0x0000000100000000)
  eden space 63488K, 0% used [0x00000000e0000000,0x00000000e0000000,0x00000000e3e00000)
  from space 8704K, 85% used [0x00000000e4700000,0x00000000e4e4cb18,0x00000000e4f80000)
  to   space 9216K, 0% used [0x00000000e3e00000,0x00000000e3e00000,0x00000000e4700000)
 ParOldGen       total 36864K, used 9474K [0x00000000a0000000, 0x00000000a2400000, 0x00000000e0000000)
  object space 36864K, 25% used [0x00000000a0000000,0x00000000a0940a68,0x00000000a2400000)
 Metaspace       used 31134K, capacity 31778K, committed 31872K, reserved 1077248K
  class space    used 4178K, capacity 4425K, committed 4480K, reserved 1048576K
}
Event: 9.617 GC heap before
{Heap before GC invocations=12 (full 1):
 PSYoungGen      total 72192K, used 35159K [0x00000000e0000000, 0x00000000e5d80000, 0x0000000100000000)
  eden space 63488K, 43% used [0x00000000e0000000,0x00000000e1b093a8,0x00000000e3e00000)
  from space 8704K, 85% used [0x00000000e4700000,0x00000000e4e4cb18,0x00000000e4f80000)
  to   space 9216K, 0% used [0x00000000e3e00000,0x00000000e3e00000,0x00000000e4700000)
 ParOldGen       total 36864K, used 9474K [0x00000000a0000000, 0x00000000a2400000, 0x00000000e0000000)
  object space 36864K, 25% used [0x00000000a0000000,0x00000000a0940a68,0x00000000a2400000)
 Metaspace       used 34638K, capacity 35362K, committed 35416K, reserved 1079296K
  class space    used 4604K, capacity 4857K, committed 4864K, reserved 1048576K
Event: 9.641 GC heap after
Heap after GC invocations=12 (full 1):
 PSYoungGen      total 72704K, used 9205K [0x00000000e0000000, 0x00000000e6900000, 0x0000000100000000)
  eden space 63488K, 0% used [0x00000000e0000000,0x00000000e0000000,0x00000000e3e00000)
  from space 9216K, 99% used [0x00000000e3e00000,0x00000000e46fd790,0x00000000e4700000)
  to   space 10752K, 0% used [0x00000000e5e80000,0x00000000e5e80000,0x00000000e6900000)
 ParOldGen       total 36864K, used 10115K [0x00000000a0000000, 0x00000000a2400000, 0x00000000e0000000)
  object space 36864K, 27% used [0x00000000a0000000,0x00000000a09e0f38,0x00000000a2400000)
 Metaspace       used 34638K, capacity 35362K, committed 35416K, reserved 1079296K
  class space    used 4604K, capacity 4857K, committed 4864K, reserved 1048576K
}
Event: 9.641 GC heap before
{Heap before GC invocations=13 (full 2):
 PSYoungGen      total 72704K, used 9205K [0x00000000e0000000, 0x00000000e6900000, 0x0000000100000000)
  eden space 63488K, 0% used [0x00000000e0000000,0x00000000e0000000,0x00000000e3e00000)
  from space 9216K, 99% used [0x00000000e3e00000,0x00000000e46fd790,0x00000000e4700000)
  to   space 10752K, 0% used [0x00000000e5e80000,0x00000000e5e80000,0x00000000e6900000)
 ParOldGen       total 36864K, used 10115K [0x00000000a0000000, 0x00000000a2400000, 0x00000000e0000000)
  object space 36864K, 27% used [0x00000000a0000000,0x00000000a09e0f38,0x00000000a2400000)
 Metaspace       used 34638K, capacity 35362K, committed 35416K, reserved 1079296K
  class space    used 4604K, capacity 4857K, committed 4864K, reserved 1048576K
Event: 9.765 GC heap after
Heap after GC invocations=13 (full 2):
 PSYoungGen      total 72704K, used 0K [0x00000000e0000000, 0x00000000e6900000, 0x0000000100000000)
  eden space 63488K, 0% used [0x00000000e0000000,0x00000000e0000000,0x00000000e3e00000)
  from space 9216K, 0% used [0x00000000e3e00000,0x00000000e3e00000,0x00000000e4700000)
  to   space 10752K, 0% used [0x00000000e5e80000,0x00000000e5e80000,0x00000000e6900000)
 ParOldGen       total 55808K, used 16217K [0x00000000a0000000, 0x00000000a3680000, 0x00000000e0000000)
  object space 55808K, 29% used [0x00000000a0000000,0x00000000a0fd6690,0x00000000a3680000)
 Metaspace       used 34638K, capacity 35362K, committed 35416K, reserved 1079296K
  class space    used 4604K, capacity 4857K, committed 4864K, reserved 1048576K
}
Event: 10.736 GC heap before
{Heap before GC invocations=14 (full 2):
 PSYoungGen      total 72704K, used 63488K [0x00000000e0000000, 0x00000000e6900000, 0x0000000100000000)
  eden space 63488K, 100% used [0x00000000e0000000,0x00000000e3e00000,0x00000000e3e00000)
  from space 9216K, 0% used [0x00000000e3e00000,0x00000000e3e00000,0x00000000e4700000)
  to   space 10752K, 0% used [0x00000000e5e80000,0x00000000e5e80000,0x00000000e6900000)
 ParOldGen       total 55808K, used 16217K [0x00000000a0000000, 0x00000000a3680000, 0x00000000e0000000)
  object space 55808K, 29% used [0x00000000a0000000,0x00000000a0fd6690,0x00000000a3680000)
 Metaspace       used 38463K, capacity 39250K, committed 39424K, reserved 1083392K
  class space    used 5076K, capacity 5327K, committed 5376K, reserved 1048576K
Event: 10.744 GC heap after
Heap after GC invocations=14 (full 2):
 PSYoungGen      total 86528K, used 5586K [0x00000000e0000000, 0x00000000e6400000, 0x0000000100000000)
  eden space 80896K, 0% used [0x00000000e0000000,0x00000000e0000000,0x00000000e4f00000)
  from space 5632K, 99% used [0x00000000e5e80000,0x00000000e63f4b18,0x00000000e6400000)
  to   space 10240K, 0% used [0x00000000e5000000,0x00000000e5000000,0x00000000e5a00000)
 ParOldGen       total 55808K, used 16225K [0x00000000a0000000, 0x00000000a3680000, 0x00000000e0000000)
  object space 55808K, 29% used [0x00000000a0000000,0x00000000a0fd8690,0x00000000a3680000)
 Metaspace       used 38463K, capacity 39250K, committed 39424K, reserved 1083392K
  class space    used 5076K, capacity 5327K, committed 5376K, reserved 1048576K
}
Event: 12.317 GC heap before
{Heap before GC invocations=15 (full 2):
 PSYoungGen      total 86528K, used 86482K [0x00000000e0000000, 0x00000000e6400000, 0x0000000100000000)
  eden space 80896K, 100% used [0x00000000e0000000,0x00000000e4f00000,0x00000000e4f00000)
  from space 5632K, 99% used [0x00000000e5e80000,0x00000000e63f4b18,0x00000000e6400000)
  to   space 10240K, 0% used [0x00000000e5000000,0x00000000e5000000,0x00000000e5a00000)
 ParOldGen       total 55808K, used 16225K [0x00000000a0000000, 0x00000000a3680000, 0x00000000e0000000)
  object space 55808K, 29% used [0x00000000a0000000,0x00000000a0fd8690,0x00000000a3680000)
 Metaspace       used 44130K, capacity 45162K, committed 45440K, reserved 1089536K
  class space    used 5867K, capacity 6196K, committed 6272K, reserved 1048576K
Event: 12.339 GC heap after
Heap after GC invocations=15 (full 2):
 PSYoungGen      total 92160K, used 10236K [0x00000000e0000000, 0x00000000e7b00000, 0x0000000100000000)
  eden space 81920K, 0% used [0x00000000e0000000,0x00000000e0000000,0x00000000e5000000)
  from space 10240K, 99% used [0x00000000e5000000,0x00000000e59ff0a8,0x00000000e5a00000)
  to   space 11776K, 0% used [0x00000000e6f80000,0x00000000e6f80000,0x00000000e7b00000)
 ParOldGen       total 55808K, used 16642K [0x00000000a0000000, 0x00000000a3680000, 0x00000000e0000000)
  object space 55808K, 29% used [0x00000000a0000000,0x00000000a1040af8,0x00000000a3680000)
 Metaspace       used 44130K, capacity 45162K, committed 45440K, reserved 1089536K
  class space    used 5867K, capacity 6196K, committed 6272K, reserved 1048576K
}

Deoptimization events (10 events):
Event: 11.489 Thread 0x000000001902f800 Uncommon trap: reason=class_check action=maybe_recompile pc=0x00000000035dda98 method=java.io.DataInputStream.readUnsignedShort()I @ 4
Event: 11.489 Thread 0x000000001902f800 Uncommon trap: reason=class_check action=maybe_recompile pc=0x00000000035dda98 method=java.io.DataInputStream.readUnsignedShort()I @ 4
Event: 11.668 Thread 0x000000001902f800 Uncommon trap: reason=unstable_if action=reinterpret pc=0x000000000359a4c8 method=java.util.WeakHashMap.remove(Ljava/lang/Object;)Ljava/lang/Object; @ 94
Event: 12.340 Thread 0x00000000163a7000 Uncommon trap: reason=unstable_if action=reinterpret pc=0x0000000002eb4c74 method=java.lang.ref.ReferenceQueue.poll()Ljava/lang/ref/Reference; @ 4
Event: 12.341 Thread 0x00000000163a7000 Uncommon trap: reason=unstable_if action=reinterpret pc=0x00000000031ca518 method=java.lang.ref.ReferenceQueue.poll()Ljava/lang/ref/Reference; @ 4
Event: 12.739 Thread 0x000000001902f800 Uncommon trap: reason=class_check action=maybe_recompile pc=0x00000000036fce00 method=com.google.common.collect.AbstractMapBasedMultimap$WrappedCollection.refreshIfEmpty()V @ 59
Event: 12.739 Thread 0x000000001902f800 Uncommon trap: reason=class_check action=maybe_recompile pc=0x00000000036fce00 method=com.google.common.collect.AbstractMapBasedMultimap$WrappedCollection.refreshIfEmpty()V @ 59
Event: 12.739 Thread 0x000000001902f800 Uncommon trap: reason=class_check action=maybe_recompile pc=0x00000000036fce00 method=com.google.common.collect.AbstractMapBasedMultimap$WrappedCollection.refreshIfEmpty()V @ 59
Event: 12.739 Thread 0x000000001902f800 Uncommon trap: reason=class_check action=maybe_recompile pc=0x00000000036fce00 method=com.google.common.collect.AbstractMapBasedMultimap$WrappedCollection.refreshIfEmpty()V @ 59
Event: 12.939 Thread 0x000000001902f800 Uncommon trap: reason=unstable_if action=reinterpret pc=0x000000000336e080 method=org.codehaus.groovy.reflection.CachedMethod.compareToMethod(Ljava/lang/reflect/Method;)I @ 111

Classes redefined (0 events):
No events

Internal exceptions (10 events):
Event: 13.155 Thread 0x000000001902f800 Exception <a 'java/lang/ClassNotFoundException': com/android/build/gradle/tasks/MergeResourcesCustomizer> (0x00000000e254bf90) thrown at [D:\src\AOSP-openjdk-cygwin\jdk8u\hotspot\src\share\vm\classfile\systemDictionary.cpp, line 210]
Event: 13.160 Thread 0x000000001902f800 Exception <a 'java/lang/ClassNotFoundException': com/android/build/gradle/tasks/MergeResources_DecoratedCustomizer> (0x00000000e2599810) thrown at [D:\src\AOSP-openjdk-cygwin\jdk8u\hotspot\src\share\vm\classfile\systemDictionary.cpp, line 210]
Event: 13.184 Thread 0x000000001902f800 Exception <a 'java/lang/ClassNotFoundException': com/android/build/gradle/tasks/MergeSourceSetFolders_DecoratedBeanInfo> (0x00000000e26d8758) thrown at [D:\src\AOSP-openjdk-cygwin\jdk8u\hotspot\src\share\vm\classfile\systemDictionary.cpp, line 210]
Event: 13.185 Thread 0x000000001902f800 Exception <a 'java/lang/ClassNotFoundException': com/android/build/gradle/tasks/MergeSourceSetFoldersBeanInfo> (0x00000000e26eb9e8) thrown at [D:\src\AOSP-openjdk-cygwin\jdk8u\hotspot\src\share\vm\classfile\systemDictionary.cpp, line 210]
Event: 13.186 Thread 0x000000001902f800 Exception <a 'java/lang/ClassNotFoundException': com/android/build/gradle/tasks/MergeSourceSetFoldersCustomizer> (0x00000000e26ff0c8) thrown at [D:\src\AOSP-openjdk-cygwin\jdk8u\hotspot\src\share\vm\classfile\systemDictionary.cpp, line 210]
Event: 13.188 Thread 0x000000001902f800 Exception <a 'java/lang/ClassNotFoundException': com/android/build/gradle/tasks/MergeSourceSetFolders_DecoratedCustomizer> (0x00000000e272e910) thrown at [D:\src\AOSP-openjdk-cygwin\jdk8u\hotspot\src\share\vm\classfile\systemDictionary.cpp, line 210]
Event: 13.206 Thread 0x000000001902f800 Exception <a 'java/lang/ClassNotFoundException': com/android/build/gradle/tasks/GenerateBuildConfig_DecoratedBeanInfo> (0x00000000e2835220) thrown at [D:\src\AOSP-openjdk-cygwin\jdk8u\hotspot\src\share\vm\classfile\systemDictionary.cpp, line 210]
Event: 13.206 Thread 0x000000001902f800 Exception <a 'java/lang/ClassNotFoundException': com/android/build/gradle/tasks/GenerateBuildConfigBeanInfo> (0x00000000e28478d8) thrown at [D:\src\AOSP-openjdk-cygwin\jdk8u\hotspot\src\share\vm\classfile\systemDictionary.cpp, line 210]
Event: 13.207 Thread 0x000000001902f800 Exception <a 'java/lang/ClassNotFoundException': com/android/build/gradle/tasks/GenerateBuildConfigCustomizer> (0x00000000e285ab28) thrown at [D:\src\AOSP-openjdk-cygwin\jdk8u\hotspot\src\share\vm\classfile\systemDictionary.cpp, line 210]
Event: 13.209 Thread 0x000000001902f800 Exception <a 'java/lang/ClassNotFoundException': com/android/build/gradle/tasks/GenerateBuildConfig_DecoratedCustomizer> (0x00000000e28a21f0) thrown at [D:\src\AOSP-openjdk-cygwin\jdk8u\hotspot\src\share\vm\classfile\systemDictionary.cpp, line 210]

Events (10 events):
Event: 13.219 loading class com/android/build/gradle/internal/TaskFactory
Event: 13.219 loading class com/android/build/gradle/internal/TaskFactory done
Event: 13.219 loading class com/android/build/gradle/internal/ApplicationTaskManager
Event: 13.219 loading class com/android/build/gradle/internal/ApplicationTaskManager done
Event: 13.221 loading class com/android/build/gradle/tasks/ProcessAndroidResources$ConfigAction
Event: 13.221 loading class com/android/build/gradle/tasks/ProcessAndroidResources$ConfigAction done
Event: 13.222 loading class com/android/build/gradle/tasks/ProcessAndroidResources
Event: 13.222 loading class com/android/build/gradle/tasks/ProcessAndroidResources done
Event: 13.224 loading class com/android/ide/common/blame/parser/PatternAwareOutputParser
Event: 13.224 loading class com/android/ide/common/blame/parser/PatternAwareOutputParser done


Dynamic libraries:
0x00007ff75e0d0000 - 0x00007ff75e101000 	E:\android setup\jre\bin\java.exe
0x00007fff7df20000 - 0x00007fff7e0e2000 	C:\Windows\SYSTEM32\ntdll.dll
0x00007fff7b5f0000 - 0x00007fff7b69d000 	C:\Windows\system32\KERNEL32.DLL
0x00007fff7b080000 - 0x00007fff7b25d000 	C:\Windows\system32\KERNELBASE.dll
0x00007fff7bfc0000 - 0x00007fff7c066000 	C:\Windows\system32\ADVAPI32.dll
0x00007fff7d9c0000 - 0x00007fff7da5d000 	C:\Windows\system32\msvcrt.dll
0x00007fff7da60000 - 0x00007fff7dabb000 	C:\Windows\system32\sechost.dll
0x00007fff7b800000 - 0x00007fff7b926000 	C:\Windows\system32\RPCRT4.dll
0x00007fff7b6a0000 - 0x00007fff7b7ee000 	C:\Windows\system32\USER32.dll
0x00007fff7dd90000 - 0x00007fff7df15000 	C:\Windows\system32\GDI32.dll
0x00007fff6da80000 - 0x00007fff6dcf4000 	C:\Windows\WinSxS\amd64_microsoft.windows.common-controls_6595b64144ccf1df_6.0.10240.16384_none_f41f7b285750ef43\COMCTL32.dll
0x00007fff7bf80000 - 0x00007fff7bfb6000 	C:\Windows\system32\IMM32.DLL
0x00007fff7c0f0000 - 0x00007fff7c24c000 	C:\Windows\system32\MSCTF.dll
0x000000006e630000 - 0x000000006e702000 	E:\android setup\jre\jre\bin\msvcr100.dll
0x000000006e7f0000 - 0x000000006f02e000 	E:\android setup\jre\jre\bin\server\jvm.dll
0x00007fff7c070000 - 0x00007fff7c078000 	C:\Windows\system32\PSAPI.DLL
0x00007fff75f00000 - 0x00007fff75f09000 	C:\Windows\SYSTEM32\WSOCK32.dll
0x00007fff72990000 - 0x00007fff729b3000 	C:\Windows\SYSTEM32\WINMM.dll
0x00007fff77d10000 - 0x00007fff77d1a000 	C:\Windows\SYSTEM32\VERSION.dll
0x00007fff7c080000 - 0x00007fff7c0e9000 	C:\Windows\system32\WS2_32.dll
0x00007fff7b7f0000 - 0x00007fff7b7f8000 	C:\Windows\system32\NSI.dll
0x00007fff72910000 - 0x00007fff7293c000 	C:\Windows\SYSTEM32\WINMMBASE.dll
0x00007fff7b4e0000 - 0x00007fff7b524000 	C:\Windows\system32\cfgmgr32.dll
0x00007fff79220000 - 0x00007fff79247000 	C:\Windows\SYSTEM32\DEVOBJ.dll
0x00007fff75ef0000 - 0x00007fff75eff000 	E:\android setup\jre\jre\bin\verify.dll
0x00007fff6ef60000 - 0x00007fff6ef89000 	E:\android setup\jre\jre\bin\java.dll
0x00007fff72ab0000 - 0x00007fff72ac6000 	E:\android setup\jre\jre\bin\zip.dll
0x00007fff7c490000 - 0x00007fff7d9b5000 	C:\Windows\system32\SHELL32.dll
0x00007fff7aa50000 - 0x00007fff7b078000 	C:\Windows\system32\windows.storage.dll
0x00007fff7bbb0000 - 0x00007fff7be2c000 	C:\Windows\system32\combase.dll
0x00007fff7dd30000 - 0x00007fff7dd81000 	C:\Windows\system32\shlwapi.dll
0x00007fff7a9e0000 - 0x00007fff7a9ef000 	C:\Windows\system32\kernel.appcore.dll
0x00007fff7b530000 - 0x00007fff7b5e3000 	C:\Windows\system32\shcore.dll
0x00007fff7a950000 - 0x00007fff7a99a000 	C:\Windows\system32\powrprof.dll
0x00007fff7a9c0000 - 0x00007fff7a9d3000 	C:\Windows\system32\profapi.dll
0x00007fff6ab60000 - 0x00007fff6ab7a000 	E:\android setup\jre\jre\bin\net.dll
0x00007fff7a1c0000 - 0x00007fff7a21d000 	C:\Windows\system32\mswsock.dll
0x00007fff6a8f0000 - 0x00007fff6a901000 	E:\android setup\jre\jre\bin\nio.dll
0x00007fff75380000 - 0x00007fff7539e000 	C:\Users\sikandar\.gradle\native\23\windows-amd64\native-platform.dll
0x00007fff7a220000 - 0x00007fff7a237000 	C:\Windows\SYSTEM32\CRYPTSP.dll
0x00007fff7a880000 - 0x00007fff7a8a8000 	C:\Windows\SYSTEM32\bcrypt.dll
0x00007fff79e70000 - 0x00007fff79ea3000 	C:\Windows\system32\rsaenh.dll
0x00007fff79fa0000 - 0x00007fff79fbf000 	C:\Windows\SYSTEM32\USERENV.dll
0x00007fff7a770000 - 0x00007fff7a7db000 	C:\Windows\system32\bcryptprimitives.dll
0x00007fff7a370000 - 0x00007fff7a37b000 	C:\Windows\SYSTEM32\CRYPTBASE.dll
0x00007fff78eb0000 - 0x00007fff78ee8000 	C:\Windows\SYSTEM32\IPHLPAPI.DLL
0x00007fff78ea0000 - 0x00007fff78eab000 	C:\Windows\SYSTEM32\WINNSI.DLL
0x00007fff77ca0000 - 0x00007fff77cb6000 	C:\Windows\SYSTEM32\dhcpcsvc6.DLL
0x00007fff77c80000 - 0x00007fff77c9a000 	C:\Windows\SYSTEM32\dhcpcsvc.DLL
0x00007fff75ee0000 - 0x00007fff75eed000 	E:\android setup\jre\jre\bin\management.dll

VM Arguments:
jvm_args: -Xmx1536m -Dfile.encoding=windows-1252 -Duser.country=US -Duser.language=en -Duser.variant 
java_command: org.gradle.launcher.daemon.bootstrap.GradleDaemon 3.3
java_class_path (initial): C:\Users\sikandar\.gradle\wrapper\dists\gradle-3.3-all\55gk2rcmfc6p2dg9u9ohc3hw9\gradle-3.3\lib\gradle-launcher-3.3.jar
Launcher Type: SUN_STANDARD

Environment Variables:
PATH=C:\Windows\system32;C:\Windows;C:\Windows\System32\Wbem;C:\Windows\System32\WindowsPowerShell\v1.0\;C:\Program Files\Andy;C:\Windows\SysWOW64;C:\Windows\System32;C:\Windows\SysWOW64\wbem;C:\Windows\System32\wbem;C:\Windows\SysWOW64\WindowsPowerShell\v1.0\;C:\Windows\System32\WindowsPowerShell\v1.0\;C:\Windows\
USERNAME=sikandar
OS=Windows_NT
PROCESSOR_IDENTIFIER=Intel64 Family 6 Model 61 Stepping 4, GenuineIntel



---------------  S Y S T E M  ---------------

OS: Windows 10.0 , 64 bit Build 10240 (10.0.10240.16384)

CPU:total 4 (initial active 4) (2 cores per cpu, 2 threads per core) family 6 model 61 stepping 4, cmov, cx8, fxsr, mmx, sse, sse2, sse3, ssse3, sse4.1, sse4.2, popcnt, avx, avx2, aes, clmul, erms, 3dnowpref, lzcnt, ht, tsc, tscinvbit, bmi1, bmi2, adx

Memory: 4k page, physical 4107804k(621224k free), swap 4845068k(5200k free)

vm_info: OpenJDK 64-Bit Server VM (25.152-b01) for windows-amd64 JRE (1.8.0_152-release-915-b01), built by "builder" with MS VC++ 10.0 (VS2010)

time: Wed Mar 07 14:51:25 2018
elapsed time: 13 seconds (0d 0h 0m 13s)

